SF:lib\BookManagementSystem.dart
DA:8,1
DA:9,2
DA:13,1
DA:14,5
DA:18,1
DA:19,2
DA:20,2
DA:21,1
DA:25,1
DA:29,1
DA:30,1
DA:32,2
DA:33,4
DA:34,1
DA:41,1
DA:42,1
DA:44,2
DA:45,4
DA:46,1
DA:53,1
DA:54,6
LF:21
LH:21
end_of_record
SF:lib\Books.dart
DA:12,1
DA:13,3
DA:14,1
DA:19,2
DA:20,2
DA:21,2
DA:22,2
DA:25,1
DA:26,1
DA:28,1
DA:29,1
DA:31,1
DA:32,2
DA:33,1
DA:35,0
DA:40,1
DA:41,1
LF:17
LH:16
end_of_record
SF:lib\TextBooks.dart
DA:7,1
DA:8,1
DA:9,4
DA:10,1
DA:15,2
DA:16,2
DA:19,1
DA:20,1
DA:22,1
DA:23,2
DA:24,1
DA:26,1
LF:12
LH:12
end_of_record
